<?xml version="1.0" encoding="UTF-8"?>
<!-- Generated by org.testng.reporters.JUnitXMLReporter -->
<testsuite ignored="0" hostname="DESKTOP-QNQ8377" failures="0" tests="7" name="Default test" time="83.276" errors="0" timestamp="2023-01-29T01:03:15 GMT+02:00">
  <testcase classname="Product_Store.productStoreTestNG" name="Check_The_Title" time="0.024"/>
  <testcase classname="Product_Store.productStoreTestNG" name="images_Slider_Check" time="0.214"/>
  <testcase classname="Product_Store.productStoreTestNG" name="Validate_Contact_Form_Information" time="3.006"/>
  <testcase classname="Product_Store.productStoreTestNG" name="SignUp_Login" time="11.837"/>
  <testcase classname="Product_Store.productStoreTestNG" name="Buy_Product" time="41.942"/>
  <testcase classname="Product_Store.productStoreTestNG" name="Check_Cart" time="3.323"/>
  <testcase classname="Product_Store.productStoreTestNG" name="Checkout" time="10.342"/>
</testsuite> <!-- Default test -->
